<?xml version="1.0" encoding="UTF-8"?>
<!-- Generated by org.testng.reporters.JUnitReportReporter -->
<testsuite hostname="Sebastians-MacBook-Pro.local" failures="0" tests="3" name="pageobject.demowebshop.TestNGDemoApp2" time="0.008" errors="0" timestamp="2024-12-07T17:54:15 IST" skipped="0">
  <testcase classname="pageobject.demowebshop.TestNGDemoApp2" name="app2AmzTest3" time="0.005"/>
  <testcase classname="pageobject.demowebshop.TestNGDemoApp2" name="app2AmzTest2" time="0.002"/>
  <testcase classname="pageobject.demowebshop.TestNGDemoApp2" name="app2AmzTest1" time="0.001"/>
</testsuite> <!-- pageobject.demowebshop.TestNGDemoApp2 -->
