<?xml version="1.0" encoding="UTF-8"?>
<!-- Generated by org.testng.reporters.JUnitReportReporter -->
<testsuite hostname="Sebastians-MacBook-Pro.local" failures="0" tests="2" name="pageobject.demowebshop.TestNGDemoApp2" time="0.009" errors="0" timestamp="2024-12-01T18:58:27 IST" skipped="0">
  <testcase classname="pageobject.demowebshop.TestNGDemoApp2" name="app2FirstTest" time="0.008"/>
  <testcase classname="pageobject.demowebshop.TestNGDemoApp2" name="app2SecondTest" time="0.001"/>
</testsuite> <!-- pageobject.demowebshop.TestNGDemoApp2 -->
