<?xml version="1.0" encoding="UTF-8"?>
<!-- Generated by org.testng.reporters.JUnitReportReporter -->
<testsuite hostname="Sebastians-MacBook-Pro.local" failures="0" tests="6" name="pageobject.demowebshop.TestNGDemoApp2" time="0.009" errors="0" timestamp="2024-12-13T19:59:00 IST" skipped="0">
  <testcase classname="pageobject.demowebshop.TestNGDemoApp2" name="app2AmzTest3" time="0.004"/>
  <testcase classname="pageobject.demowebshop.TestNGDemoApp2" name="app2AmzTest1" time="0.002"/>
  <testcase classname="pageobject.demowebshop.TestNGDemoApp2" name="app2AmzTest6" time="0.001"/>
  <testcase classname="pageobject.demowebshop.TestNGDemoApp2" name="app2AmzTest5" time="0.000"/>
  <testcase classname="pageobject.demowebshop.TestNGDemoApp2" name="app2AmzTest4" time="0.001"/>
  <testcase classname="pageobject.demowebshop.TestNGDemoApp2" name="app2AmzTest2" time="0.001"/>
</testsuite> <!-- pageobject.demowebshop.TestNGDemoApp2 -->
