<?xml version="1.0" encoding="UTF-8"?>
<!-- Generated by org.testng.reporters.JUnitReportReporter -->
<testsuite hostname="Sebastians-MacBook-Pro.local" failures="0" tests="2" name="pageobject.demowebshop.TestNGDemoApp" time="0.010" errors="0" timestamp="2024-12-01T18:53:17 IST" skipped="0">
  <testcase classname="pageobject.demowebshop.TestNGDemoApp" name="secondTest" time="0.001"/>
  <testcase classname="pageobject.demowebshop.TestNGDemoApp" name="firstTest" time="0.009"/>
</testsuite> <!-- pageobject.demowebshop.TestNGDemoApp -->
