<?xml version="1.0" encoding="UTF-8"?>
<!-- Generated by org.testng.reporters.JUnitReportReporter -->
<testsuite hostname="Sebastians-MacBook-Pro.local" failures="0" tests="2" name="pageobject.demowebshop.TestNGDemoApp1" time="0.007" errors="0" timestamp="2024-12-01T19:20:04 IST" skipped="0">
  <testcase classname="pageobject.demowebshop.TestNGDemoApp1" name="app1SecondTest" time="0.003"/>
  <testcase classname="pageobject.demowebshop.TestNGDemoApp1" name="app1FirstTest" time="0.004"/>
</testsuite> <!-- pageobject.demowebshop.TestNGDemoApp1 -->
