<?xml version="1.0" encoding="UTF-8"?>
<!-- Generated by org.testng.reporters.JUnitReportReporter -->
<testsuite hostname="Sebastians-MacBook-Pro.local" failures="0" tests="7" name="pageobject.demowebshop.TestNGDemoApp1" time="0.009" errors="0" timestamp="2024-12-13T19:59:00 IST" skipped="0">
  <testcase classname="pageobject.demowebshop.TestNGDemoApp1" name="app1ZerothTest" time="0.001"/>
  <testcase classname="pageobject.demowebshop.TestNGDemoApp1" name="app1SixthTest" time="0.001"/>
  <testcase classname="pageobject.demowebshop.TestNGDemoApp1" name="app1ThirdTest" time="0.001"/>
  <testcase classname="pageobject.demowebshop.TestNGDemoApp1" name="app1SecondTest" time="0.001"/>
  <testcase classname="pageobject.demowebshop.TestNGDemoApp1" name="app1FirstTest" time="0.001"/>
  <testcase classname="pageobject.demowebshop.TestNGDemoApp1" name="app1FourthTest" time="0.003"/>
  <testcase classname="pageobject.demowebshop.TestNGDemoApp1" name="app1FifthTest" time="0.001"/>
</testsuite> <!-- pageobject.demowebshop.TestNGDemoApp1 -->
